<?xml version="1.0" encoding="UTF-8"?>
<!-- Generated by org.testng.reporters.JUnitReportReporter -->
<testsuite hostname="Raji-DRM" failures="0" tests="1" name="basics.FirstTestNG" time="4.936" errors="0" timestamp="2023-03-08T11:43:55 IST" skipped="0">
  <testcase classname="basics.FirstTestNG" name="testMyContactForm" time="4.936"/>
  <system-out/>
</testsuite> <!-- basics.FirstTestNG -->
